<?xml version="1.0" encoding="UTF-8"?>
<!-- Generated by org.testng.reporters.JUnitReportReporter -->
<testsuite skipped="0" hostname="LAPTOP-N9ISCAJG" name="pOM_package.LoginPage" tests="1" failures="0" timestamp="31 Jan 2021 13:33:43 GMT" time="15.503" errors="0">
  <testcase name="loginpage" time="15.503" classname="pOM_package.LoginPage"/>
</testsuite> <!-- pOM_package.LoginPage -->
