<?xml version="1.0" encoding="UTF-8"?>
<!-- Generated by org.testng.reporters.JUnitReportReporter -->
<testsuite name="pOM_package.LoginTest" tests="1" time="36.831" ignored="0" failures="0" timestamp="27 Feb 2021 05:47:10 GMT" skipped="0" hostname="LAPTOP-N9ISCAJG" errors="0">
  <testcase name="validLogin" time="36.831" classname="pOM_package.LoginTest"/>
</testsuite> <!-- pOM_package.LoginTest -->
