<?xml version="1.0" encoding="UTF-8"?>
<!-- Generated by org.testng.reporters.JUnitReportReporter -->
<testsuite name="pOM_package.UsersTest" tests="2" time="34.988" ignored="0" failures="0" timestamp="02 Feb 2021 09:28:31 GMT" skipped="0" hostname="LAPTOP-N9ISCAJG" errors="0">
  <testcase name="sortUsers" time="15.862" classname="pOM_package.UsersTest"/>
  <testcase name="checksuffix" time="19.126" classname="pOM_package.UsersTest"/>
</testsuite> <!-- pOM_package.UsersTest -->
