<?xml version="1.0" encoding="UTF-8"?>
<!-- Generated by org.testng.reporters.JUnitReportReporter -->
<testsuite name="pOM_package.LoginTest" tests="1" time="16.941" ignored="0" failures="0" timestamp="01 Feb 2021 11:54:33 GMT" skipped="0" hostname="LAPTOP-N9ISCAJG" errors="0">
  <testcase name="validLogin" time="16.941" classname="pOM_package.LoginTest"/>
</testsuite> <!-- pOM_package.LoginTest -->
