<?xml version="1.0" encoding="UTF-8"?>
<!-- Generated by org.testng.reporters.JUnitReportReporter -->
<testsuite name="pOM_package.DashboardTest" tests="2" time="25.231" ignored="0" failures="0" timestamp="01 Feb 2021 11:55:39 GMT" skipped="0" hostname="LAPTOP-N9ISCAJG" errors="0">
  <testcase name="testForCourseDetails" time="14.004" classname="pOM_package.DashboardTest"/>
  <testcase name="testForCourses" time="11.227" classname="pOM_package.DashboardTest"/>
</testsuite> <!-- pOM_package.DashboardTest -->
